c:\users\carli\desktop\vj\exopengl3\2dgame\vj-simpsons\02-bubble\debug\vc141.pdb
c:\users\carli\desktop\vj\exopengl3\2dgame\vj-simpsons\02-bubble\debug\vc141.idb
c:\users\carli\desktop\vj\exopengl3\2dgame\vj-simpsons\02-bubble\debug\game.obj
c:\users\carli\desktop\vj\exopengl3\2dgame\vj-simpsons\02-bubble\debug\main.obj
c:\users\carli\desktop\vj\exopengl3\2dgame\vj-simpsons\02-bubble\debug\player.obj
c:\users\carli\desktop\vj\exopengl3\2dgame\vj-simpsons\02-bubble\debug\scene.obj
c:\users\carli\desktop\vj\exopengl3\2dgame\vj-simpsons\02-bubble\debug\shader.obj
c:\users\carli\desktop\vj\exopengl3\2dgame\vj-simpsons\02-bubble\debug\shaderprogram.obj
c:\users\carli\desktop\vj\exopengl3\2dgame\vj-simpsons\02-bubble\debug\sprite.obj
c:\users\carli\desktop\vj\exopengl3\2dgame\vj-simpsons\02-bubble\debug\texture.obj
c:\users\carli\desktop\vj\exopengl3\2dgame\vj-simpsons\02-bubble\debug\tilemap.obj
c:\users\carli\desktop\vj\exopengl3\2dgame\vj-simpsons\debug\02-bubble.ilk
c:\users\carli\desktop\vj\exopengl3\2dgame\vj-simpsons\debug\02-bubble.exe
c:\users\carli\desktop\vj\exopengl3\2dgame\vj-simpsons\debug\02-bubble.pdb
c:\users\carli\desktop\vj\exopengl3\2dgame\vj-simpsons\02-bubble\debug\02-bubble.tlog\cl.command.1.tlog
c:\users\carli\desktop\vj\exopengl3\2dgame\vj-simpsons\02-bubble\debug\02-bubble.tlog\cl.read.1.tlog
c:\users\carli\desktop\vj\exopengl3\2dgame\vj-simpsons\02-bubble\debug\02-bubble.tlog\cl.write.1.tlog
c:\users\carli\desktop\vj\exopengl3\2dgame\vj-simpsons\02-bubble\debug\02-bubble.tlog\link.command.1.tlog
c:\users\carli\desktop\vj\exopengl3\2dgame\vj-simpsons\02-bubble\debug\02-bubble.tlog\link.read.1.tlog
c:\users\carli\desktop\vj\exopengl3\2dgame\vj-simpsons\02-bubble\debug\02-bubble.tlog\link.write.1.tlog
